2025-05-31 12:57:48,000 - INFO - 🚀 Начинаем повторное скачивание неудачных файлов...
2025-05-31 12:57:48,064 - INFO - 📊 Найдено неудачных файлов: 32
2025-05-31 12:57:48,065 - INFO - 📋 Не помечен как скачанный: 5 файлов
2025-05-31 12:57:48,066 - INFO - 📋 Файл отсутствует на диске: 27 файлов
2025-05-31 12:57:48,072 - INFO - 🔄 Начинаем повторные попытки...
2025-05-31 12:57:48,073 - INFO - 📥 [1/32] Case%20No.%201%20of%202019%20-%20Aurora%20AG%20Limited%20v%20Star%20Asian%20Mining%20Company%20LLP_eng.pdf
2025-05-31 12:57:48,073 - INFO -    Причина неудачи: Не помечен как скачанный
2025-05-31 12:57:50,074 - INFO - 🔄 Попытка скачать: Case%20No.%201%20of%202019%20-%20Aurora%20AG%20Limited%20v%20Star%20Asian%20Mining%20Company%20LLP_eng.pdf
2025-05-31 12:57:57,654 - INFO - patching driver executable C:\Users\anarb\appdata\roaming\undetected_chromedriver\undetected_chromedriver.exe
2025-05-31 12:57:59,761 - INFO - setting properties for headless
2025-05-31 12:57:59,775 - INFO - ✅ Браузер успешно инициализирован
2025-05-31 12:57:59,776 - INFO - 🤖 Браузерный бот инициализирован
2025-05-31 12:57:59,776 - INFO - 🌐 Переходим на: https://court.aifc.kz/uploads/Case%20No.%201%20of%202019%20-%20Aurora%20AG%20Limited%20v%20Star%20Asian%20Mining%20Company%20LLP_eng.pdf
2025-05-31 12:58:07,608 - WARNING - ❌ Не удалось скачать: Case No. 1 of 2019 - Aurora AG Limited v Star Asian Mining Company LLP_eng.pdf
2025-05-31 12:58:07,609 - INFO - 📥 [2/32] ab8bcf8o-ca.pdf
2025-05-31 12:58:07,610 - INFO -    Причина неудачи: Не помечен как скачанный
2025-05-31 12:58:09,611 - INFO - 🔄 Попытка скачать: ab8bcf8o-ca.pdf
2025-05-31 12:58:09,625 - INFO - 🌐 Переходим на: https://court.aifc.kz/files/legals/12/file3/ab8bcf8o-ca.pdf
2025-05-31 12:58:23,860 - WARNING - ❌ Не удалось скачать: ab8bcf8o-ca.pdf
2025-05-31 12:58:23,860 - INFO - 📥 [3/32] ab8bcf8o-07.pdf
2025-05-31 12:58:23,862 - INFO -    Причина неудачи: Не помечен как скачанный
2025-05-31 12:58:25,863 - INFO - 🔄 Попытка скачать: ab8bcf8o-07.pdf
2025-05-31 12:58:25,865 - INFO - 🌐 Переходим на: https://court.aifc.kz/files/legals/12/file2/ab8bcf8o-07.pdf
2025-05-31 12:58:37,322 - WARNING - ❌ Не удалось скачать: ab8bcf8o-07.pdf
2025-05-31 12:58:37,323 - INFO - 📥 [4/32] ab8bcf8o-0-3.pdf
2025-05-31 12:58:37,324 - INFO -    Причина неудачи: Не помечен как скачанный
2025-05-31 12:58:39,324 - INFO - 🔄 Попытка скачать: ab8bcf8o-0-3.pdf
2025-05-31 12:58:39,326 - INFO - 🌐 Переходим на: https://court.aifc.kz/files/legals/12/file/ab8bcf8o-0-3.pdf
2025-05-31 12:58:48,850 - WARNING - ❌ Не удалось скачать: ab8bcf8o-0-3.pdf
2025-05-31 12:58:48,850 - INFO - 📥 [5/32] comreg_v8_01.01.2023.pdf
2025-05-31 12:58:48,851 - INFO -    Причина неудачи: Файл отсутствует на диске
2025-05-31 12:58:50,852 - INFO - 🔄 Попытка скачать: comreg_v8_01.01.2023.pdf
2025-05-31 12:58:50,853 - INFO - 🌐 Переходим на: https://court.aifc.kz/files/legals/533/file/comreg_v8_01.01.2023.pdf
2025-05-31 12:59:01,925 - WARNING - ❌ Не удалось скачать: comreg_v8_01.01.2023.pdf
2025-05-31 12:59:01,949 - INFO - 💾 Прогресс сохранен (5/32)
2025-05-31 12:59:01,949 - INFO - 📥 [6/32] gprules_v5-01.01.2023.pdf
2025-05-31 12:59:01,949 - INFO -    Причина неудачи: Файл отсутствует на диске
2025-05-31 12:59:03,951 - INFO - 🔄 Попытка скачать: gprules_v5-01.01.2023.pdf
2025-05-31 12:59:03,952 - INFO - 🌐 Переходим на: https://court.aifc.kz/files/legals/536/file/gprules_v5-01.01.2023.pdf
2025-05-31 12:59:12,630 - WARNING - ❌ Не удалось скачать: gprules_v5-01.01.2023.pdf
2025-05-31 12:59:12,631 - INFO - 📥 [7/32] lpreg_v1_12_20.12.2017.pdf
2025-05-31 12:59:12,633 - INFO -    Причина неудачи: Файл отсутствует на диске
2025-05-31 12:59:14,634 - INFO - 🔄 Попытка скачать: lpreg_v1_12_20.12.2017.pdf
2025-05-31 12:59:14,636 - INFO - 🌐 Переходим на: https://court.aifc.kz/files/legals/180/file/lpreg_v1_12_20.12.2017.pdf
2025-05-31 12:59:27,796 - WARNING - ❌ Не удалось скачать: lpreg_v1_12_20.12.2017.pdf
2025-05-31 12:59:27,796 - INFO - 📥 [8/32] llr_v1_gr0006_29.12.2017.pdf
2025-05-31 12:59:27,798 - INFO -    Причина неудачи: Файл отсутствует на диске
2025-05-31 12:59:29,798 - INFO - 🔄 Попытка скачать: llr_v1_gr0006_29.12.2017.pdf
2025-05-31 12:59:29,799 - INFO - 🌐 Переходим на: https://court.aifc.kz/files/legals/197/file2/llr_v1_gr0006_29.12.2017.pdf
2025-05-31 12:59:36,827 - WARNING - ❌ Не удалось скачать: llr_v1_gr0006_29.12.2017.pdf
2025-05-31 12:59:43,953 - INFO - 📥 [9/32] llr_v1_gr0006_29.12.2017.pdf
2025-05-31 12:59:43,959 - INFO -    Причина неудачи: Файл отсутствует на диске
2025-05-31 12:59:45,962 - INFO - 🔄 Попытка скачать: llr_v1_gr0006_29.12.2017.pdf
2025-05-31 12:59:45,964 - INFO - 🌐 Переходим на: https://court.aifc.kz/files/legals/197/file/llr_v1_gr0006_29.12.2017.pdf
2025-05-31 12:59:55,285 - WARNING - ❌ Не удалось скачать: llr_v1_gr0006_29.12.2017.pdf
2025-05-31 12:59:55,286 - INFO - 📥 [10/32] llprules_v5-01.01.2023.pdf
2025-05-31 12:59:55,288 - INFO -    Причина неудачи: Файл отсутствует на диске
2025-05-31 12:59:57,290 - INFO - 🔄 Попытка скачать: llprules_v5-01.01.2023.pdf
2025-05-31 12:59:57,293 - INFO - 🌐 Переходим на: https://court.aifc.kz/files/legals/537/file/llprules_v5-01.01.2023.pdf
2025-05-31 13:00:14,850 - WARNING - ❌ Не удалось скачать: llprules_v5-01.01.2023.pdf
2025-05-31 13:00:14,874 - INFO - 💾 Прогресс сохранен (10/32)
2025-05-31 13:00:14,874 - INFO - 📥 [11/32] fr_v4_01.01.2023.pdf
2025-05-31 13:00:14,875 - INFO -    Причина неудачи: Файл отсутствует на диске
2025-05-31 13:00:16,875 - INFO - 🔄 Попытка скачать: fr_v4_01.01.2023.pdf
2025-05-31 13:00:16,878 - INFO - 🌐 Переходим на: https://court.aifc.kz/files/legals/535/file/fr_v4_01.01.2023.pdf
2025-05-31 13:00:30,659 - WARNING - ❌ Не удалось скачать: fr_v4_01.01.2023.pdf
2025-05-31 13:00:30,660 - INFO - 📥 [12/32] application-form-for-la_feb-2023.docx
2025-05-31 13:00:30,661 - INFO -    Причина неудачи: Файл отсутствует на диске
2025-05-31 13:00:32,662 - INFO - 🔄 Попытка скачать: application-form-for-la_feb-2023.docx
2025-05-31 13:00:32,665 - INFO - 🌐 Переходим на: https://court.aifc.kz/files/legals/463/file2/application-form-for-la_feb-2023.docx
