2025-05-31 13:07:41,775 - INFO - 🛡️ Умное повторное скачивание с защитой от блокировок
2025-05-31 13:07:41,776 - INFO - ============================================================
2025-05-31 13:07:41,914 - INFO - 📊 Найдено неудачных файлов: 32
2025-05-31 13:07:41,915 - INFO - 🌞 Рабочее время - используем маленькие пакеты
2025-05-31 13:07:41,916 - INFO - 📦 Разбито на 11 пакетов по 3 файлов
2025-05-31 13:07:41,920 - INFO - 🚀 Используем улучшенный браузерный бот
2025-05-31 13:07:41,921 - INFO - 
🎯 Пакет 1/11 (3 файлов)
2025-05-31 13:07:41,921 - INFO - 🏠 Имитируем новую сессию - посещаем главную страницу...
2025-05-31 13:07:41,922 - WARNING - ⚠️ Браузерный бот недоступен. Установите: pip install selenium undetected-chromedriver
2025-05-31 13:07:41,922 - INFO - 📥 [1/3] Case%20No.%201%20of%202019%20-%20Aurora%20AG%20Limited%20v%20Star%20Asian%20Mining%20Company%20LLP_eng.pdf
2025-05-31 13:07:41,925 - WARNING - ⚠️ Браузерный бот недоступен. Установите: pip install selenium undetected-chromedriver
2025-05-31 13:07:42,368 - INFO - ℹ️ Файл уже существует и не изменился
2025-05-31 13:07:42,369 - INFO - ✅ Успешно скачан: Case No. 1 of 2019 - Aurora AG Limited v Star Asian Mining Company LLP_eng.pdf
2025-05-31 13:07:42,384 - INFO - 📥 [2/3] ab8bcf8o-ca.pdf
2025-05-31 13:07:42,385 - INFO - ⏱️ Задержка: 34.0 сек
2025-05-31 13:08:16,464 - WARNING - ⚠️ Браузерный бот недоступен. Установите: pip install selenium undetected-chromedriver
2025-05-31 13:08:16,615 - INFO - ℹ️ Файл уже существует и не изменился
2025-05-31 13:08:16,615 - INFO - ✅ Успешно скачан: ab8bcf8o-ca.pdf
2025-05-31 13:08:16,636 - INFO - 📥 [3/3] ab8bcf8o-07.pdf
2025-05-31 13:08:16,636 - INFO - ⏱️ Задержка: 51.0 сек
2025-05-31 13:09:07,666 - WARNING - ⚠️ Браузерный бот недоступен. Установите: pip install selenium undetected-chromedriver
2025-05-31 13:09:07,982 - INFO - ℹ️ Файл уже существует и не изменился
2025-05-31 13:09:07,983 - INFO - ✅ Успешно скачан: ab8bcf8o-07.pdf
2025-05-31 13:09:08,012 - INFO - 📊 Пакет завершен: 3/3 (100.0%)
2025-05-31 13:09:08,012 - INFO - 😴 Пауза между пакетами: 334 сек
