2025-05-31 13:16:43,567 - INFO - 🔍 Анализ реального статуса файлов...
2025-05-31 13:16:43,568 - INFO - ============================================================
2025-05-31 13:16:43,581 - INFO - 📊 Всего обнаруженных файлов: 605
2025-05-31 13:16:43,779 - INFO - 📝 Сокращено длинное имя файла:
2025-05-31 13:16:43,779 - INFO -    Исходное: the-terms-of-and-procedures-for-entry-into-the-rep...
2025-05-31 13:16:43,780 - INFO -    Новое: the-terms-of_54196236.pdf
2025-05-31 13:16:43,875 - INFO - 📋 АНАЛИЗ СТАТУСА ФАЙЛОВ:
2025-05-31 13:16:43,876 - INFO - ❌ Не скачаны совсем: 1
2025-05-31 13:16:43,876 - INFO - 💾 Потеряны с диска: 0
2025-05-31 13:16:43,877 - INFO - 📝 Устаревшие записи: 1
2025-05-31 13:16:43,877 - INFO - ✅ Отслеживаются правильно: 603
2025-05-31 13:16:43,877 - INFO - ❓ Неопределенный статус: 0
2025-05-31 13:16:43,877 - INFO - 
📋 MISSING_COMPLETELY:
2025-05-31 13:16:43,877 - INFO -    • the-terms-of-and-procedures-for-entry-into-the-republic-of-kazakhstan-and-leaving-the-republic-of-kazakhstan-for-foreign-nationals-and-stateless-persons-coming-to-kazakhstan-to-conduct-activities-in-aifc.pdf
2025-05-31 13:16:43,877 - INFO -      Причина: Файл не скачан
2025-05-31 13:16:43,878 - INFO - 
📋 OUTDATED_RECORDS:
2025-05-31 13:16:43,878 - INFO -    • ab8bcf8o-0-3.pdf
2025-05-31 13:16:43,878 - INFO -      Причина: Нужно обновить записи
2025-05-31 13:17:01,879 - INFO - 🔧 Исправление записей о файлах...
2025-05-31 13:17:01,881 - INFO - 🔍 Анализ реального статуса файлов...
2025-05-31 13:17:01,881 - INFO - ============================================================
2025-05-31 13:17:01,892 - INFO - 📊 Всего обнаруженных файлов: 605
2025-05-31 13:17:01,952 - INFO - 📝 Сокращено длинное имя файла:
2025-05-31 13:17:01,952 - INFO -    Исходное: the-terms-of-and-procedures-for-entry-into-the-rep...
2025-05-31 13:17:01,953 - INFO -    Новое: the-terms-of_54196236.pdf
2025-05-31 13:17:01,995 - INFO - 📋 АНАЛИЗ СТАТУСА ФАЙЛОВ:
2025-05-31 13:17:01,995 - INFO - ❌ Не скачаны совсем: 1
2025-05-31 13:17:01,997 - INFO - 💾 Потеряны с диска: 0
2025-05-31 13:17:01,997 - INFO - 📝 Устаревшие записи: 1
2025-05-31 13:17:01,998 - INFO - ✅ Отслеживаются правильно: 603
2025-05-31 13:17:01,998 - INFO - ❓ Неопределенный статус: 0
2025-05-31 13:17:01,998 - INFO - 
📋 MISSING_COMPLETELY:
2025-05-31 13:17:01,998 - INFO -    • the-terms-of-and-procedures-for-entry-into-the-republic-of-kazakhstan-and-leaving-the-republic-of-kazakhstan-for-foreign-nationals-and-stateless-persons-coming-to-kazakhstan-to-conduct-activities-in-aifc.pdf
2025-05-31 13:17:01,999 - INFO -      Причина: Файл не скачан
2025-05-31 13:17:01,999 - INFO - 
📋 OUTDATED_RECORDS:
2025-05-31 13:17:01,999 - INFO -    • ab8bcf8o-0-3.pdf
2025-05-31 13:17:01,999 - INFO -      Причина: Нужно обновить записи
2025-05-31 13:17:02,000 - INFO - 📝 Исправляем 1 устаревших записей...
2025-05-31 13:17:02,038 - INFO - ✅ Обновлена запись: ab8bcf8o-0-3.pdf
2025-05-31 13:17:02,051 - INFO - 💾 Записи обновлены и сохранены
2025-05-31 13:17:09,992 - INFO - 🔧 Исправление записей о файлах...
2025-05-31 13:17:09,993 - INFO - 🔍 Анализ реального статуса файлов...
2025-05-31 13:17:09,994 - INFO - ============================================================
2025-05-31 13:17:10,003 - INFO - 📊 Всего обнаруженных файлов: 605
2025-05-31 13:17:10,064 - INFO - 📝 Сокращено длинное имя файла:
2025-05-31 13:17:10,065 - INFO -    Исходное: the-terms-of-and-procedures-for-entry-into-the-rep...
2025-05-31 13:17:10,066 - INFO -    Новое: the-terms-of_54196236.pdf
2025-05-31 13:17:10,107 - INFO - 📋 АНАЛИЗ СТАТУСА ФАЙЛОВ:
2025-05-31 13:17:10,107 - INFO - ❌ Не скачаны совсем: 1
2025-05-31 13:17:10,109 - INFO - 💾 Потеряны с диска: 0
2025-05-31 13:17:10,112 - INFO - 📝 Устаревшие записи: 0
2025-05-31 13:17:10,112 - INFO - ✅ Отслеживаются правильно: 604
2025-05-31 13:17:10,113 - INFO - ❓ Неопределенный статус: 0
2025-05-31 13:17:10,114 - INFO - 
📋 MISSING_COMPLETELY:
2025-05-31 13:17:10,115 - INFO -    • the-terms-of-and-procedures-for-entry-into-the-republic-of-kazakhstan-and-leaving-the-republic-of-kazakhstan-for-foreign-nationals-and-stateless-persons-coming-to-kazakhstan-to-conduct-activities-in-aifc.pdf
2025-05-31 13:17:10,115 - INFO -      Причина: Файл не скачан
2025-05-31 13:17:10,116 - INFO - ✅ Нет устаревших записей для исправления
2025-05-31 13:17:10,117 - INFO - 🔍 Анализ реального статуса файлов...
2025-05-31 13:17:10,117 - INFO - ============================================================
2025-05-31 13:17:10,124 - INFO - 📊 Всего обнаруженных файлов: 605
2025-05-31 13:17:10,211 - INFO - 📝 Сокращено длинное имя файла:
2025-05-31 13:17:10,211 - INFO -    Исходное: the-terms-of-and-procedures-for-entry-into-the-rep...
2025-05-31 13:17:10,212 - INFO -    Новое: the-terms-of_54196236.pdf
2025-05-31 13:17:10,258 - INFO - 📋 АНАЛИЗ СТАТУСА ФАЙЛОВ:
2025-05-31 13:17:10,258 - INFO - ❌ Не скачаны совсем: 1
2025-05-31 13:17:10,259 - INFO - 💾 Потеряны с диска: 0
2025-05-31 13:17:10,261 - INFO - 📝 Устаревшие записи: 0
2025-05-31 13:17:10,261 - INFO - ✅ Отслеживаются правильно: 604
2025-05-31 13:17:10,262 - INFO - ❓ Неопределенный статус: 0
2025-05-31 13:17:10,262 - INFO - 
📋 MISSING_COMPLETELY:
2025-05-31 13:17:10,262 - INFO -    • the-terms-of-and-procedures-for-entry-into-the-republic-of-kazakhstan-and-leaving-the-republic-of-kazakhstan-for-foreign-nationals-and-stateless-persons-coming-to-kazakhstan-to-conduct-activities-in-aifc.pdf
2025-05-31 13:17:10,263 - INFO -      Причина: Файл не скачан
2025-05-31 13:17:10,263 - INFO - 
🎯 ФАЙЛЫ ДЛЯ СКАЧИВАНИЯ:
2025-05-31 13:17:10,264 - INFO - 📥 Действительно нужно скачать: 1 файлов
2025-05-31 13:17:10,264 - INFO - 
📋 Список файлов для скачивания:
2025-05-31 13:17:10,264 - INFO -    • the-terms-of-and-procedures-for-entry-into-the-republic-of-kazakhstan-and-leaving-the-republic-of-kazakhstan-for-foreign-nationals-and-stateless-persons-coming-to-kazakhstan-to-conduct-activities-in-aifc.pdf
2025-05-31 13:17:10,264 - INFO -      Причина: Файл не скачан
